<testsuites id="" name="" tests="104" failures="0" skipped="104" errors="0" time="0.353159">
<testsuite name="packages/app/e2e-tests/app.test.ts" timestamp="2026-09-10T10:17:54.104Z" hostname="chromium" tests="1" failures="0" skipped="1" time="0" errors="0">
<testcase name="App should render the welcome page" classname="packages/app/e2e-tests/app.test.ts">
<skipped>
</skipped>
</testcase>
</testsuite>
<testsuite name="packages/app/e2e-tests/app.test.ts" timestamp="2026-09-10T10:17:54.104Z" hostname="live" tests="1" failures="0" skipped="1" time="0" errors="0">
<testcase name="App should render the welcome page" classname="packages/app/e2e-tests/app.test.ts">
<skipped>
</skipped>
</testcase>
</testsuite>
<testsuite name="packages/app/e2e-tests/apply-recommendation.test.ts" timestamp="2026-09-10T10:17:54.104Z" hostname="live" tests="2" failures="0" skipped="2" time="0" errors="0">
<testcase name="Resource Optimization - Apply Recommendation @live @ro @workflow › should complete Apply Recommendation workflow end-to-end" classname="packages/app/e2e-tests/apply-recommendation.test.ts">
<skipped>
</skipped>
</testcase>
<testcase name="Resource Optimization - Apply Recommendation @live @ro @workflow › should show Apply recommendation button on detail page" classname="packages/app/e2e-tests/apply-recommendation.test.ts">
<skipped>
</skipped>
</testcase>
</testsuite>
<testsuite name="packages/app/e2e-tests/dark-theme.test.ts" timestamp="2026-09-10T10:17:54.104Z" hostname="live" tests="2" failures="0" skipped="2" time="0" errors="0">
<testcase name="Resource Optimization - Dark Theme @live @ro › should switch to dark theme and display readable table" classname="packages/app/e2e-tests/dark-theme.test.ts">
<skipped>
</skipped>
</testcase>
<testcase name="Resource Optimization - Dark Theme @live @ro › should render charts section on detail page in dark theme" classname="packages/app/e2e-tests/dark-theme.test.ts">
<skipped>
</skipped>
</testcase>
</testsuite>
<testsuite name="packages/app/e2e-tests/live-cluster.test.ts" timestamp="2026-09-10T10:17:54.104Z" hostname="live" tests="22" failures="0" skipped="22" time="0" errors="0">
<testcase name="Resource Optimization - Live Cluster Tests @live @ro › Navigation and Page Load › should navigate to Resource Optimization page directly" classname="packages/app/e2e-tests/live-cluster.test.ts">
<skipped>
</skipped>
</testcase>
<testcase name="Resource Optimization - Live Cluster Tests @live @ro › Navigation and Page Load › should navigate to Resource Optimization via sidebar" classname="packages/app/e2e-tests/live-cluster.test.ts">
<skipped>
</skipped>
</testcase>
<testcase name="Resource Optimization - Live Cluster Tests @live @ro › Navigation and Page Load › should display page header correctly" classname="packages/app/e2e-tests/live-cluster.test.ts">
<skipped>
</skipped>
</testcase>
<testcase name="Resource Optimization - Live Cluster Tests @live @ro › Data Table Display › should display table headers" classname="packages/app/e2e-tests/live-cluster.test.ts">
<skipped>
</skipped>
</testcase>
<testcase name="Resource Optimization - Live Cluster Tests @live @ro › Data Table Display › should load optimization data in table" classname="packages/app/e2e-tests/live-cluster.test.ts">
<skipped>
</skipped>
</testcase>
<testcase name="Resource Optimization - Live Cluster Tests @live @ro › Data Table Display › should display clickable container links" classname="packages/app/e2e-tests/live-cluster.test.ts">
<skipped>
</skipped>
</testcase>
<testcase name="Resource Optimization - Live Cluster Tests @live @ro › Filters › should display cluster filter" classname="packages/app/e2e-tests/live-cluster.test.ts">
<skipped>
</skipped>
</testcase>
<testcase name="Resource Optimization - Live Cluster Tests @live @ro › Filters › should be able to interact with cluster filter" classname="packages/app/e2e-tests/live-cluster.test.ts">
<skipped>
</skipped>
</testcase>
<testcase name="Resource Optimization - Live Cluster Tests @live @ro › Details Page Navigation › should navigate to details page when clicking a container" classname="packages/app/e2e-tests/live-cluster.test.ts">
<skipped>
</skipped>
</testcase>
<testcase name="Resource Optimization - Live Cluster Tests @live @ro › Details Page Navigation › should display details page tabs" classname="packages/app/e2e-tests/live-cluster.test.ts">
<skipped>
</skipped>
</testcase>
<testcase name="Resource Optimization - Live Cluster Tests @live @ro › Details Page Navigation › should display configuration sections" classname="packages/app/e2e-tests/live-cluster.test.ts">
<skipped>
</skipped>
</testcase>
<testcase name="Resource Optimization - Live Cluster Tests @live @ro › Details Page Navigation › should display utilization charts" classname="packages/app/e2e-tests/live-cluster.test.ts">
<skipped>
</skipped>
</testcase>
<testcase name="Resource Optimization - Live Cluster Tests @live @ro › Details Page Navigation › should display Apply recommendation button" classname="packages/app/e2e-tests/live-cluster.test.ts">
<skipped>
</skipped>
</testcase>
<testcase name="Resource Optimization - Live Cluster Tests @live @ro › Details Page Navigation › should navigate back to list from details" classname="packages/app/e2e-tests/live-cluster.test.ts">
<skipped>
</skipped>
</testcase>
<testcase name="Resource Optimization - Live Cluster Tests @live @ro › Details Page Content Validation › should display container details information" classname="packages/app/e2e-tests/live-cluster.test.ts">
<skipped>
</skipped>
</testcase>
<testcase name="Resource Optimization - Live Cluster Tests @live @ro › Details Page Content Validation › should show configuration values in proper format" classname="packages/app/e2e-tests/live-cluster.test.ts">
<skipped>
</skipped>
</testcase>
<testcase name="Resource Optimization - Live Cluster Tests @live @ro › Table Accessibility › should have proper table accessibility attributes" classname="packages/app/e2e-tests/live-cluster.test.ts">
<skipped>
</skipped>
</testcase>
<testcase name="Resource Optimization - Apply Recommendation Flow @live @ro @workflow › should click Apply recommendation button" classname="packages/app/e2e-tests/live-cluster.test.ts">
<skipped>
</skipped>
</testcase>
<testcase name="Resource Optimization - Apply Recommendation Flow @live @ro @workflow › should complete Apply recommendation workflow" classname="packages/app/e2e-tests/live-cluster.test.ts">
<properties>
<property name="skip" value="">
</property>
</properties>
<skipped>
</skipped>
</testcase>
<testcase name="Resource Optimization - Performance @live @ro @perf › should load page within acceptable time" classname="packages/app/e2e-tests/live-cluster.test.ts">
<skipped>
</skipped>
</testcase>
<testcase name="Resource Optimization - Performance @live @ro @perf › should handle multiple page refreshes" classname="packages/app/e2e-tests/live-cluster.test.ts">
<skipped>
</skipped>
</testcase>
<testcase name="Resource Optimization - Performance @live @ro @perf › should navigate between list and details multiple times" classname="packages/app/e2e-tests/live-cluster.test.ts">
<skipped>
</skipped>
</testcase>
</testsuite>
<testsuite name="packages/app/e2e-tests/marketplace.test.ts" timestamp="2026-09-10T10:17:54.104Z" hostname="live" tests="8" failures="0" skipped="8" time="0" errors="0">
<testcase name="Extensions Marketplace: Plugin Installation @marketplace › FLPATH-2458: Extensions page is accessible" classname="packages/app/e2e-tests/marketplace.test.ts">
<skipped>
</skipped>
</testcase>
<testcase name="Extensions Marketplace: Plugin Installation @marketplace › FLPATH-2460: ROS plugin is listed in the marketplace" classname="packages/app/e2e-tests/marketplace.test.ts">
<skipped>
</skipped>
</testcase>
<testcase name="Extensions Marketplace: Plugin Installation @marketplace › FLPATH-2460: ROS plugin detail page is accessible" classname="packages/app/e2e-tests/marketplace.test.ts">
<skipped>
</skipped>
</testcase>
<testcase name="Extensions Marketplace: Plugin Installation @marketplace › FLPATH-2460: ROS plugin can be installed from marketplace" classname="packages/app/e2e-tests/marketplace.test.ts">
<skipped>
</skipped>
</testcase>
<testcase name="Extensions Marketplace: Plugin Installation @marketplace › FLPATH-2458: Verify plugin appears in Installed packages after install" classname="packages/app/e2e-tests/marketplace.test.ts">
<skipped>
</skipped>
</testcase>
<testcase name="Extensions Marketplace: Plugin Installation @marketplace › FLPATH-2458: Plugin sidebar item appears after install" classname="packages/app/e2e-tests/marketplace.test.ts">
<skipped>
</skipped>
</testcase>
<testcase name="Extensions Marketplace: Plugin Installation @marketplace › FLPATH-2458: Plugin sidebar expands and shows sub-items (1.9+) or single item (1.8)" classname="packages/app/e2e-tests/marketplace.test.ts">
<skipped>
</skipped>
</testcase>
<testcase name="Extensions Marketplace: Plugin Installation @marketplace › FLPATH-2458: Clicking sidebar item navigates to plugin page" classname="packages/app/e2e-tests/marketplace.test.ts">
<skipped>
</skipped>
</testcase>
</testsuite>
<testsuite name="packages/app/e2e-tests/navigation.test.ts" timestamp="2026-09-10T10:17:54.104Z" hostname="live" tests="6" failures="0" skipped="6" time="0" errors="0">
<testcase name="Resource Optimization - Navigation @live @ro › Sidebar Navigation (FLPATH-3123) › should display sidebar nav entry for Optimizations" classname="packages/app/e2e-tests/navigation.test.ts">
<skipped>
</skipped>
</testcase>
<testcase name="Resource Optimization - Navigation @live @ro › Sidebar Navigation (FLPATH-3123) › should expand nav group to show Optimizations sub-item" classname="packages/app/e2e-tests/navigation.test.ts">
<skipped>
</skipped>
</testcase>
<testcase name="Resource Optimization - Navigation @live @ro › Sidebar Navigation (FLPATH-3123) › should navigate to Optimizations page via sidebar" classname="packages/app/e2e-tests/navigation.test.ts">
<skipped>
</skipped>
</testcase>
<testcase name="Resource Optimization - Navigation @live @ro › Sidebar Navigation (FLPATH-3123) › should navigate to OpenShift page via sidebar" classname="packages/app/e2e-tests/navigation.test.ts">
<skipped>
</skipped>
</testcase>
<testcase name="Resource Optimization - Navigation @live @ro › URL Navigation (FLPATH-3126) › should navigate directly to Optimizations via URL" classname="packages/app/e2e-tests/navigation.test.ts">
<skipped>
</skipped>
</testcase>
<testcase name="Resource Optimization - Navigation @live @ro › URL Navigation (FLPATH-3126) › should navigate directly to OpenShift page via URL" classname="packages/app/e2e-tests/navigation.test.ts">
<skipped>
</skipped>
</testcase>
</testsuite>
<testsuite name="packages/app/e2e-tests/openshift-cost-management.test.ts" timestamp="2026-09-10T10:17:54.104Z" hostname="live" tests="8" failures="0" skipped="8" time="0" errors="0">
<testcase name="Resource Optimization - OpenShift Cost Management @live @ro › Cost Overview (FLPATH-3130) › should load the OpenShift cost management page" classname="packages/app/e2e-tests/openshift-cost-management.test.ts">
<skipped>
</skipped>
</testcase>
<testcase name="Resource Optimization - OpenShift Cost Management @live @ro › Cost Overview (FLPATH-3130) › should display the OpenShift cost overview" classname="packages/app/e2e-tests/openshift-cost-management.test.ts">
<skipped>
</skipped>
</testcase>
<testcase name="Resource Optimization - OpenShift Cost Management @live @ro › Currency &amp; Export (FLPATH-3131) › should display USD as the default currency" classname="packages/app/e2e-tests/openshift-cost-management.test.ts">
<skipped>
</skipped>
</testcase>
<testcase name="Resource Optimization - OpenShift Cost Management @live @ro › Currency &amp; Export (FLPATH-3131) › should change currency to EUR" classname="packages/app/e2e-tests/openshift-cost-management.test.ts">
<skipped>
</skipped>
</testcase>
<testcase name="Resource Optimization - OpenShift Cost Management @live @ro › Currency &amp; Export (FLPATH-3131) › should have a CSV export button" classname="packages/app/e2e-tests/openshift-cost-management.test.ts">
<skipped>
</skipped>
</testcase>
<testcase name="Resource Optimization - OpenShift Cost Management @live @ro › Currency &amp; Export (FLPATH-3131) › should have a JSON export button" classname="packages/app/e2e-tests/openshift-cost-management.test.ts">
<skipped>
</skipped>
</testcase>
<testcase name="Resource Optimization - OpenShift Cost Management @live @ro › Currency &amp; Export (FLPATH-3131) › should be able to click CSV export button" classname="packages/app/e2e-tests/openshift-cost-management.test.ts">
<skipped>
</skipped>
</testcase>
<testcase name="Resource Optimization - OpenShift Cost Management @live @ro › Currency &amp; Export (FLPATH-3131) › should be able to click JSON export button" classname="packages/app/e2e-tests/openshift-cost-management.test.ts">
<skipped>
</skipped>
</testcase>
</testsuite>
<testsuite name="packages/app/e2e-tests/optimization.test.ts" timestamp="2026-09-10T10:17:54.104Z" hostname="live" tests="9" failures="0" skipped="9" time="0" errors="0">
<testcase name="Resource Optimization Plugin › should display Resource Optimization page" classname="packages/app/e2e-tests/optimization.test.ts">
<skipped>
</skipped>
</testcase>
<testcase name="Resource Optimization Plugin › should display clusters dropdown" classname="packages/app/e2e-tests/optimization.test.ts">
<skipped>
</skipped>
</testcase>
<testcase name="Resource Optimization Plugin › should display optimization recommendations" classname="packages/app/e2e-tests/optimization.test.ts">
<skipped>
</skipped>
</testcase>
<testcase name="Resource Optimization Plugin › should display empty state when no optimizations" classname="packages/app/e2e-tests/optimization.test.ts">
<skipped>
</skipped>
</testcase>
<testcase name="Resource Optimization Plugin › should apply optimization recommendation" classname="packages/app/e2e-tests/optimization.test.ts">
<properties>
<property name="skip" value="">
</property>
</properties>
<skipped>
</skipped>
</testcase>
<testcase name="Resource Optimization Plugin › should handle workflow execution error" classname="packages/app/e2e-tests/optimization.test.ts">
<properties>
<property name="skip" value="">
</property>
</properties>
<skipped>
</skipped>
</testcase>
<testcase name="Resource Optimization Plugin › should validate optimization card accessibility" classname="packages/app/e2e-tests/optimization.test.ts">
<skipped>
</skipped>
</testcase>
<testcase name="Resource Optimization Plugin › should handle cluster filter interaction" classname="packages/app/e2e-tests/optimization.test.ts">
<skipped>
</skipped>
</testcase>
<testcase name="Resource Optimization Plugin › should click container link and view details page" classname="packages/app/e2e-tests/optimization.test.ts">
<skipped>
</skipped>
</testcase>
</testsuite>
<testsuite name="packages/app/e2e-tests/rbac-dynamic-permissions.test.ts" timestamp="2026-09-10T10:17:54.104Z" hostname="live" tests="21" failures="0" skipped="21" time="0" errors="0">
<testcase name="Dynamic Permission Registration (FLPATH-4207) @live @ro @rbac @flpath4207 › Dynamic Permission Effects › RORead user should see cluster-specific data (proves ros/&lt;cluster&gt; is registered)" classname="packages/app/e2e-tests/rbac-dynamic-permissions.test.ts">
<skipped>
</skipped>
</testcase>
<testcase name="Dynamic Permission Registration (FLPATH-4207) @live @ro @rbac @flpath4207 › Dynamic Permission Effects › full-access user should see data across clusters (proves multi-cluster permissions)" classname="packages/app/e2e-tests/rbac-dynamic-permissions.test.ts">
<skipped>
</skipped>
</testcase>
<testcase name="Dynamic Permission Registration (FLPATH-4207) @live @ro @rbac @flpath4207 › Dynamic Permission Effects › no-access user should be denied (proves DENY default works for unregistered users)" classname="packages/app/e2e-tests/rbac-dynamic-permissions.test.ts">
<skipped>
</skipped>
</testcase>
<testcase name="Dynamic Permission Registration (FLPATH-4207) @live @ro @rbac @flpath4207 › Dynamic Permission Effects › cost.plugin permission should allow OpenShift cost page access" classname="packages/app/e2e-tests/rbac-dynamic-permissions.test.ts">
<skipped>
</skipped>
</testcase>
<testcase name="Dynamic Permission Registration (FLPATH-4207) @live @ro @rbac @flpath4207 › Dynamic Permission Effects › health endpoint should confirm plugin is running" classname="packages/app/e2e-tests/rbac-dynamic-permissions.test.ts">
<skipped>
</skipped>
</testcase>
<testcase name="Dynamic Permission Registration (FLPATH-4207) @live @ro @rbac @flpath4207 › Backend Error Responses › unauthorized API call should return 403, not 500" classname="packages/app/e2e-tests/rbac-dynamic-permissions.test.ts">
<skipped>
</skipped>
</testcase>
<testcase name="Dynamic Permission Registration (FLPATH-4207) @live @ro @rbac @flpath4207 › Backend Error Responses › unauthorized OpenShift API call should return 403, not 500" classname="packages/app/e2e-tests/rbac-dynamic-permissions.test.ts">
<skipped>
</skipped>
</testcase>
<testcase name="Dynamic Permission Registration (FLPATH-4207) @live @ro @rbac @flpath4207 › Cross-Role Session Switching › authorized and unauthorized users see different results for the same page" classname="packages/app/e2e-tests/rbac-dynamic-permissions.test.ts">
<skipped>
</skipped>
</testcase>
<testcase name="Dynamic Permission Registration (FLPATH-4207) @live @ro @rbac @flpath4207 › Cross-Role Session Switching › workflow-only user cannot access Optimizations (RORead required)" classname="packages/app/e2e-tests/rbac-dynamic-permissions.test.ts">
<skipped>
</skipped>
</testcase>
<testcase name="Dynamic Permission Registration (FLPATH-4207) @live @ro @rbac @flpath4207 › Tab-Level RBAC Isolation › RORead-only user should not see OpenShift cost data" classname="packages/app/e2e-tests/rbac-dynamic-permissions.test.ts">
<skipped>
</skipped>
</testcase>
<testcase name="Dynamic Permission Registration (FLPATH-4207) @live @ro @rbac @flpath4207 › Tab-Level RBAC Isolation › CostRead user should see OpenShift cost data" classname="packages/app/e2e-tests/rbac-dynamic-permissions.test.ts">
<skipped>
</skipped>
</testcase>
<testcase name="Dynamic Permission Registration (FLPATH-4207) @live @ro @rbac @flpath4207 › Tab-Level RBAC Isolation › full-access user should see both Optimizations and OpenShift tabs" classname="packages/app/e2e-tests/rbac-dynamic-permissions.test.ts">
<skipped>
</skipped>
</testcase>
<testcase name="Dynamic Permission Registration (FLPATH-4207) @live @ro @rbac @flpath4207 › Granular RBAC — Cost Page Denial › cluster-only user should be DENIED on OpenShift cost page (no cost.plugin)" classname="packages/app/e2e-tests/rbac-dynamic-permissions.test.ts">
<skipped>
</skipped>
</testcase>
<testcase name="Dynamic Permission Registration (FLPATH-4207) @live @ro @rbac @flpath4207 › Granular RBAC — Cost Page Denial › project-only user should be DENIED on OpenShift cost page (no cost.plugin)" classname="packages/app/e2e-tests/rbac-dynamic-permissions.test.ts">
<skipped>
</skipped>
</testcase>
<testcase name="Dynamic Permission Registration (FLPATH-4207) @live @ro @rbac @flpath4207 › Granular RBAC — Data Filtering (3-Tier) › cluster-only user should see optimizations data" classname="packages/app/e2e-tests/rbac-dynamic-permissions.test.ts">
<properties>
<property name="skip" value="Skipped: RBAC_CLUSTER_ALIAS not set — RBAC policy uses placeholder cluster names that do not match this environment">
</property>
</properties>
<skipped>
</skipped>
</testcase>
<testcase name="Dynamic Permission Registration (FLPATH-4207) @live @ro @rbac @flpath4207 › Granular RBAC — Data Filtering (3-Tier) › project-only user should see optimizations data" classname="packages/app/e2e-tests/rbac-dynamic-permissions.test.ts">
<properties>
<property name="skip" value="Skipped: RBAC_CLUSTER_ALIAS not set — RBAC policy uses placeholder cluster names that do not match this environment">
</property>
</properties>
<skipped>
</skipped>
</testcase>
<testcase name="Dynamic Permission Registration (FLPATH-4207) @live @ro @rbac @flpath4207 › Granular RBAC — Data Filtering (3-Tier) › cluster-only user should see no more containers than ros.plugin user" classname="packages/app/e2e-tests/rbac-dynamic-permissions.test.ts">
<properties>
<property name="skip" value="Skipped: RBAC_CLUSTER_ALIAS not set — RBAC policy uses placeholder cluster names that do not match this environment">
</property>
</properties>
<skipped>
</skipped>
</testcase>
<testcase name="Dynamic Permission Registration (FLPATH-4207) @live @ro @rbac @flpath4207 › Granular RBAC — Data Filtering (3-Tier) › project-only user data should be a subset of cluster-only user data" classname="packages/app/e2e-tests/rbac-dynamic-permissions.test.ts">
<properties>
<property name="skip" value="Skipped: RBAC_CLUSTER_ALIAS not set — RBAC policy uses placeholder cluster names that do not match this environment">
</property>
</properties>
<skipped>
</skipped>
</testcase>
<testcase name="Dynamic Permission Registration (FLPATH-4207) @live @ro @rbac @flpath4207 › Granular RBAC — Data Filtering (3-Tier) › cluster-only user should see cluster data in API response with filter applied" classname="packages/app/e2e-tests/rbac-dynamic-permissions.test.ts">
<properties>
<property name="skip" value="Skipped: RBAC_CLUSTER_ALIAS not set — RBAC policy uses placeholder cluster names that do not match this environment">
</property>
</properties>
<skipped>
</skipped>
</testcase>
<testcase name="Dynamic Permission Registration (FLPATH-4207) @live @ro @rbac @flpath4207 › API Response Verification › authorized user proxy call should return 200 with data" classname="packages/app/e2e-tests/rbac-dynamic-permissions.test.ts">
<skipped>
</skipped>
</testcase>
<testcase name="Dynamic Permission Registration (FLPATH-4207) @live @ro @rbac @flpath4207 › API Response Verification › unauthorized user should receive 403 from proxy, not 500" classname="packages/app/e2e-tests/rbac-dynamic-permissions.test.ts">
<skipped>
</skipped>
</testcase>
</testsuite>
<testsuite name="packages/app/e2e-tests/rbac.test.ts" timestamp="2026-09-10T10:17:54.104Z" hostname="live" tests="5" failures="0" skipped="5" time="0" errors="0">
<testcase name="Resource Optimization - RBAC @live @ro @rbac › Read-Only User (FLPATH-3117) › should see optimization data with RORead role" classname="packages/app/e2e-tests/rbac.test.ts">
<skipped>
</skipped>
</testcase>
<testcase name="Resource Optimization - RBAC @live @ro @rbac › Read-Only User (FLPATH-3117) › should have Apply recommendation button disabled" classname="packages/app/e2e-tests/rbac.test.ts">
<skipped>
</skipped>
</testcase>
<testcase name="Resource Optimization - RBAC @live @ro @rbac › Full-Access User (FLPATH-3137) › should see data and have Apply button enabled" classname="packages/app/e2e-tests/rbac.test.ts">
<skipped>
</skipped>
</testcase>
<testcase name="Resource Optimization - RBAC @live @ro @rbac › No-Access User (FLPATH-3137) › should get Unauthorized error on ROS page" classname="packages/app/e2e-tests/rbac.test.ts">
<skipped>
</skipped>
</testcase>
<testcase name="Resource Optimization - RBAC @live @ro @rbac › Workflow-Only User (FLPATH-3137) › should get Unauthorized error on ROS page" classname="packages/app/e2e-tests/rbac.test.ts">
<skipped>
</skipped>
</testcase>
</testsuite>
<testsuite name="packages/app/e2e-tests/secure-proxy.test.ts" timestamp="2026-09-10T10:17:54.104Z" hostname="live" tests="7" failures="0" skipped="7" time="0" errors="0">
<testcase name="Secure Proxy &amp; RBAC Security @live @ro @security › Server-Side RBAC (FLPATH-3487) › authorized user should see Optimizations data" classname="packages/app/e2e-tests/secure-proxy.test.ts">
<skipped>
</skipped>
</testcase>
<testcase name="Secure Proxy &amp; RBAC Security @live @ro @security › Server-Side RBAC (FLPATH-3487) › authorized user should see OpenShift cost data" classname="packages/app/e2e-tests/secure-proxy.test.ts">
<skipped>
</skipped>
</testcase>
<testcase name="Secure Proxy &amp; RBAC Security @live @ro @security › Server-Side RBAC (FLPATH-3487) › unauthorized user should get Forbidden on Optimizations" classname="packages/app/e2e-tests/secure-proxy.test.ts">
<skipped>
</skipped>
</testcase>
<testcase name="Secure Proxy &amp; RBAC Security @live @ro @security › Server-Side RBAC (FLPATH-3487) › unauthorized user should get Forbidden on OpenShift tab" classname="packages/app/e2e-tests/secure-proxy.test.ts">
<skipped>
</skipped>
</testcase>
<testcase name="Secure Proxy &amp; RBAC Security @live @ro @security › Apply Recommendation Auth (FLPATH-3488) › user without ros.apply should see Apply button disabled" classname="packages/app/e2e-tests/secure-proxy.test.ts">
<skipped>
</skipped>
</testcase>
<testcase name="Secure Proxy &amp; RBAC Security @live @ro @security › Apply Recommendation Auth (FLPATH-3488) › user with ros.apply should see Apply button enabled" classname="packages/app/e2e-tests/secure-proxy.test.ts">
<skipped>
</skipped>
</testcase>
<testcase name="Secure Proxy &amp; RBAC Security @live @ro @security › Permission Name Separator (FLPATH-3489) › cluster-scoped RBAC should work with slash-separated names" classname="packages/app/e2e-tests/secure-proxy.test.ts">
<skipped>
</skipped>
</testcase>
</testsuite>
<testsuite name="packages/app/e2e-tests/table-and-pagination.test.ts" timestamp="2026-09-10T10:17:54.104Z" hostname="live" tests="12" failures="0" skipped="12" time="0" errors="0">
<testcase name="Resource Optimization - Table &amp; Pagination @live @ro › Table Structure (FLPATH-3121) › should display all expected column headers" classname="packages/app/e2e-tests/table-and-pagination.test.ts">
<skipped>
</skipped>
</testcase>
<testcase name="Resource Optimization - Table &amp; Pagination @live @ro › Table Structure (FLPATH-3121) › should display data rows in the table" classname="packages/app/e2e-tests/table-and-pagination.test.ts">
<skipped>
</skipped>
</testcase>
<testcase name="Resource Optimization - Table &amp; Pagination @live @ro › Table Structure (FLPATH-3121) › should display up to 10 rows per page by default" classname="packages/app/e2e-tests/table-and-pagination.test.ts">
<skipped>
</skipped>
</testcase>
<testcase name="Resource Optimization - Table &amp; Pagination @live @ro › Column Sorting (FLPATH-3124) › should sort by Container column when header is clicked" classname="packages/app/e2e-tests/table-and-pagination.test.ts">
<skipped>
</skipped>
</testcase>
<testcase name="Resource Optimization - Table &amp; Pagination @live @ro › Column Sorting (FLPATH-3124) › should toggle sort direction on repeated clicks" classname="packages/app/e2e-tests/table-and-pagination.test.ts">
<skipped>
</skipped>
</testcase>
<testcase name="Resource Optimization - Table &amp; Pagination @live @ro › Column Sorting (FLPATH-3124) › should sort by Last reported column" classname="packages/app/e2e-tests/table-and-pagination.test.ts">
<skipped>
</skipped>
</testcase>
<testcase name="Resource Optimization - Table &amp; Pagination @live @ro › Pagination (FLPATH-3127, FLPATH-3128) › should display pagination info" classname="packages/app/e2e-tests/table-and-pagination.test.ts">
<skipped>
</skipped>
</testcase>
<testcase name="Resource Optimization - Table &amp; Pagination @live @ro › Pagination (FLPATH-3127, FLPATH-3128) › should have Previous page disabled on first page" classname="packages/app/e2e-tests/table-and-pagination.test.ts">
<skipped>
</skipped>
</testcase>
<testcase name="Resource Optimization - Table &amp; Pagination @live @ro › Pagination (FLPATH-3127, FLPATH-3128) › should have Next page enabled when there are more pages" classname="packages/app/e2e-tests/table-and-pagination.test.ts">
<skipped>
</skipped>
</testcase>
<testcase name="Resource Optimization - Table &amp; Pagination @live @ro › Pagination (FLPATH-3127, FLPATH-3128) › should navigate to next page and update pagination info" classname="packages/app/e2e-tests/table-and-pagination.test.ts">
<skipped>
</skipped>
</testcase>
<testcase name="Resource Optimization - Table &amp; Pagination @live @ro › Pagination (FLPATH-3127, FLPATH-3128) › should navigate back to previous page" classname="packages/app/e2e-tests/table-and-pagination.test.ts">
<skipped>
</skipped>
</testcase>
<testcase name="Resource Optimization - Table &amp; Pagination @live @ro › Consistent Order (FLPATH-3118) › should maintain the same row order after page reload" classname="packages/app/e2e-tests/table-and-pagination.test.ts">
<skipped>
</skipped>
</testcase>
</testsuite>
</testsuites>